{"level":"error","message":"some thing was wrong"}
{"level":"error"}
{"level":"error","message":"some thing was wrong some thing was wrong","stack":"Error: some thing was wrong\n    at E:\\Code\\JavaScript\\Node\\vidly\\routes\\genres.js:11:9\n    at E:\\Code\\JavaScript\\Node\\vidly\\middleware\\async.js:5:19\n    at newFn (E:\\Code\\JavaScript\\Node\\vidly\\node_modules\\express-async-errors\\index.js:16:20)\n    at Layer.handle [as handle_request] (E:\\Code\\JavaScript\\Node\\vidly\\node_modules\\express\\lib\\router\\layer.js:95:5)\n    at next (E:\\Code\\JavaScript\\Node\\vidly\\node_modules\\express\\lib\\router\\route.js:137:13)\n    at Route.dispatch (E:\\Code\\JavaScript\\Node\\vidly\\node_modules\\express\\lib\\router\\route.js:112:3)\n    at newFn (E:\\Code\\JavaScript\\Node\\vidly\\node_modules\\express-async-errors\\index.js:16:20)\n    at Layer.handle [as handle_request] (E:\\Code\\JavaScript\\Node\\vidly\\node_modules\\express\\lib\\router\\layer.js:95:5)\n    at E:\\Code\\JavaScript\\Node\\vidly\\node_modules\\express\\lib\\router\\index.js:281:22\n    at Function.process_params (E:\\Code\\JavaScript\\Node\\vidly\\node_modules\\express\\lib\\router\\index.js:341:12)"}
{"level":"error","message":"some thing was wrong some thing was wrong","stack":"Error: some thing was wrong\n    at E:\\Code\\JavaScript\\Node\\vidly\\routes\\genres.js:11:9\n    at E:\\Code\\JavaScript\\Node\\vidly\\middleware\\async.js:5:19\n    at newFn (E:\\Code\\JavaScript\\Node\\vidly\\node_modules\\express-async-errors\\index.js:16:20)\n    at Layer.handle [as handle_request] (E:\\Code\\JavaScript\\Node\\vidly\\node_modules\\express\\lib\\router\\layer.js:95:5)\n    at next (E:\\Code\\JavaScript\\Node\\vidly\\node_modules\\express\\lib\\router\\route.js:137:13)\n    at Route.dispatch (E:\\Code\\JavaScript\\Node\\vidly\\node_modules\\express\\lib\\router\\route.js:112:3)\n    at newFn (E:\\Code\\JavaScript\\Node\\vidly\\node_modules\\express-async-errors\\index.js:16:20)\n    at Layer.handle [as handle_request] (E:\\Code\\JavaScript\\Node\\vidly\\node_modules\\express\\lib\\router\\layer.js:95:5)\n    at E:\\Code\\JavaScript\\Node\\vidly\\node_modules\\express\\lib\\router\\index.js:281:22\n    at Function.process_params (E:\\Code\\JavaScript\\Node\\vidly\\node_modules\\express\\lib\\router\\index.js:341:12)"}
{"level":"error","message":"some thing was wrong some thing was wrong","stack":"Error: some thing was wrong\n    at E:\\Code\\JavaScript\\Node\\vidly\\routes\\genres.js:11:9\n    at E:\\Code\\JavaScript\\Node\\vidly\\middleware\\async.js:5:19\n    at newFn (E:\\Code\\JavaScript\\Node\\vidly\\node_modules\\express-async-errors\\index.js:16:20)\n    at Layer.handle [as handle_request] (E:\\Code\\JavaScript\\Node\\vidly\\node_modules\\express\\lib\\router\\layer.js:95:5)\n    at next (E:\\Code\\JavaScript\\Node\\vidly\\node_modules\\express\\lib\\router\\route.js:137:13)\n    at Route.dispatch (E:\\Code\\JavaScript\\Node\\vidly\\node_modules\\express\\lib\\router\\route.js:112:3)\n    at newFn (E:\\Code\\JavaScript\\Node\\vidly\\node_modules\\express-async-errors\\index.js:16:20)\n    at Layer.handle [as handle_request] (E:\\Code\\JavaScript\\Node\\vidly\\node_modules\\express\\lib\\router\\layer.js:95:5)\n    at E:\\Code\\JavaScript\\Node\\vidly\\node_modules\\express\\lib\\router\\index.js:281:22\n    at Function.process_params (E:\\Code\\JavaScript\\Node\\vidly\\node_modules\\express\\lib\\router\\index.js:341:12)"}
{"level":"error","message":"some thing was wrong some thing was wrong","stack":"Error: some thing was wrong\n    at E:\\Code\\JavaScript\\Node\\vidly\\routes\\genres.js:11:9\n    at E:\\Code\\JavaScript\\Node\\vidly\\middleware\\async.js:5:19\n    at newFn (E:\\Code\\JavaScript\\Node\\vidly\\node_modules\\express-async-errors\\index.js:16:20)\n    at Layer.handle [as handle_request] (E:\\Code\\JavaScript\\Node\\vidly\\node_modules\\express\\lib\\router\\layer.js:95:5)\n    at next (E:\\Code\\JavaScript\\Node\\vidly\\node_modules\\express\\lib\\router\\route.js:137:13)\n    at Route.dispatch (E:\\Code\\JavaScript\\Node\\vidly\\node_modules\\express\\lib\\router\\route.js:112:3)\n    at newFn (E:\\Code\\JavaScript\\Node\\vidly\\node_modules\\express-async-errors\\index.js:16:20)\n    at Layer.handle [as handle_request] (E:\\Code\\JavaScript\\Node\\vidly\\node_modules\\express\\lib\\router\\layer.js:95:5)\n    at E:\\Code\\JavaScript\\Node\\vidly\\node_modules\\express\\lib\\router\\index.js:281:22\n    at Function.process_params (E:\\Code\\JavaScript\\Node\\vidly\\node_modules\\express\\lib\\router\\index.js:341:12)"}
{"level":"error","message":"some thing was wrong some thing was wrong","stack":"Error: some thing was wrong\n    at E:\\Code\\JavaScript\\Node\\vidly\\routes\\genres.js:11:9\n    at E:\\Code\\JavaScript\\Node\\vidly\\middleware\\async.js:5:19\n    at newFn (E:\\Code\\JavaScript\\Node\\vidly\\node_modules\\express-async-errors\\index.js:16:20)\n    at Layer.handle [as handle_request] (E:\\Code\\JavaScript\\Node\\vidly\\node_modules\\express\\lib\\router\\layer.js:95:5)\n    at next (E:\\Code\\JavaScript\\Node\\vidly\\node_modules\\express\\lib\\router\\route.js:137:13)\n    at Route.dispatch (E:\\Code\\JavaScript\\Node\\vidly\\node_modules\\express\\lib\\router\\route.js:112:3)\n    at newFn (E:\\Code\\JavaScript\\Node\\vidly\\node_modules\\express-async-errors\\index.js:16:20)\n    at Layer.handle [as handle_request] (E:\\Code\\JavaScript\\Node\\vidly\\node_modules\\express\\lib\\router\\layer.js:95:5)\n    at E:\\Code\\JavaScript\\Node\\vidly\\node_modules\\express\\lib\\router\\index.js:281:22\n    at Function.process_params (E:\\Code\\JavaScript\\Node\\vidly\\node_modules\\express\\lib\\router\\index.js:341:12)"}
{"level":"error","message":"some thing was wrong some thing was wrong","stack":"Error: some thing was wrong\n    at E:\\Code\\JavaScript\\Node\\vidly\\routes\\genres.js:11:9\n    at E:\\Code\\JavaScript\\Node\\vidly\\middleware\\async.js:5:19\n    at newFn (E:\\Code\\JavaScript\\Node\\vidly\\node_modules\\express-async-errors\\index.js:16:20)\n    at Layer.handle [as handle_request] (E:\\Code\\JavaScript\\Node\\vidly\\node_modules\\express\\lib\\router\\layer.js:95:5)\n    at next (E:\\Code\\JavaScript\\Node\\vidly\\node_modules\\express\\lib\\router\\route.js:137:13)\n    at Route.dispatch (E:\\Code\\JavaScript\\Node\\vidly\\node_modules\\express\\lib\\router\\route.js:112:3)\n    at newFn (E:\\Code\\JavaScript\\Node\\vidly\\node_modules\\express-async-errors\\index.js:16:20)\n    at Layer.handle [as handle_request] (E:\\Code\\JavaScript\\Node\\vidly\\node_modules\\express\\lib\\router\\layer.js:95:5)\n    at E:\\Code\\JavaScript\\Node\\vidly\\node_modules\\express\\lib\\router\\index.js:281:22\n    at Function.process_params (E:\\Code\\JavaScript\\Node\\vidly\\node_modules\\express\\lib\\router\\index.js:341:12)"}
{"level":"error","message":"some thing was wrong some thing was wrong","stack":"Error: some thing was wrong\n    at E:\\Code\\JavaScript\\Node\\vidly\\routes\\genres.js:11:9\n    at E:\\Code\\JavaScript\\Node\\vidly\\middleware\\async.js:5:19\n    at newFn (E:\\Code\\JavaScript\\Node\\vidly\\node_modules\\express-async-errors\\index.js:16:20)\n    at Layer.handle [as handle_request] (E:\\Code\\JavaScript\\Node\\vidly\\node_modules\\express\\lib\\router\\layer.js:95:5)\n    at next (E:\\Code\\JavaScript\\Node\\vidly\\node_modules\\express\\lib\\router\\route.js:137:13)\n    at Route.dispatch (E:\\Code\\JavaScript\\Node\\vidly\\node_modules\\express\\lib\\router\\route.js:112:3)\n    at newFn (E:\\Code\\JavaScript\\Node\\vidly\\node_modules\\express-async-errors\\index.js:16:20)\n    at Layer.handle [as handle_request] (E:\\Code\\JavaScript\\Node\\vidly\\node_modules\\express\\lib\\router\\layer.js:95:5)\n    at E:\\Code\\JavaScript\\Node\\vidly\\node_modules\\express\\lib\\router\\index.js:281:22\n    at Function.process_params (E:\\Code\\JavaScript\\Node\\vidly\\node_modules\\express\\lib\\router\\index.js:341:12)"}
{"level":"error","message":"some thing was wrong some thing was wrong","stack":"Error: some thing was wrong\n    at E:\\Code\\JavaScript\\Node\\vidly\\routes\\genres.js:11:9\n    at E:\\Code\\JavaScript\\Node\\vidly\\middleware\\async.js:5:19\n    at newFn (E:\\Code\\JavaScript\\Node\\vidly\\node_modules\\express-async-errors\\index.js:16:20)\n    at Layer.handle [as handle_request] (E:\\Code\\JavaScript\\Node\\vidly\\node_modules\\express\\lib\\router\\layer.js:95:5)\n    at next (E:\\Code\\JavaScript\\Node\\vidly\\node_modules\\express\\lib\\router\\route.js:137:13)\n    at Route.dispatch (E:\\Code\\JavaScript\\Node\\vidly\\node_modules\\express\\lib\\router\\route.js:112:3)\n    at newFn (E:\\Code\\JavaScript\\Node\\vidly\\node_modules\\express-async-errors\\index.js:16:20)\n    at Layer.handle [as handle_request] (E:\\Code\\JavaScript\\Node\\vidly\\node_modules\\express\\lib\\router\\layer.js:95:5)\n    at E:\\Code\\JavaScript\\Node\\vidly\\node_modules\\express\\lib\\router\\index.js:281:22\n    at Function.process_params (E:\\Code\\JavaScript\\Node\\vidly\\node_modules\\express\\lib\\router\\index.js:341:12)"}
{"level":"error","message":"some thing was wrong some thing was wrong","stack":"Error: some thing was wrong\n    at E:\\Code\\JavaScript\\Node\\vidly\\routes\\genres.js:11:9\n    at E:\\Code\\JavaScript\\Node\\vidly\\middleware\\async.js:5:19\n    at newFn (E:\\Code\\JavaScript\\Node\\vidly\\node_modules\\express-async-errors\\index.js:16:20)\n    at Layer.handle [as handle_request] (E:\\Code\\JavaScript\\Node\\vidly\\node_modules\\express\\lib\\router\\layer.js:95:5)\n    at next (E:\\Code\\JavaScript\\Node\\vidly\\node_modules\\express\\lib\\router\\route.js:137:13)\n    at Route.dispatch (E:\\Code\\JavaScript\\Node\\vidly\\node_modules\\express\\lib\\router\\route.js:112:3)\n    at newFn (E:\\Code\\JavaScript\\Node\\vidly\\node_modules\\express-async-errors\\index.js:16:20)\n    at Layer.handle [as handle_request] (E:\\Code\\JavaScript\\Node\\vidly\\node_modules\\express\\lib\\router\\layer.js:95:5)\n    at E:\\Code\\JavaScript\\Node\\vidly\\node_modules\\express\\lib\\router\\index.js:281:22\n    at Function.process_params (E:\\Code\\JavaScript\\Node\\vidly\\node_modules\\express\\lib\\router\\index.js:341:12)"}
2021-12-30T16:32:50.476Z [日志模块] error: some thing was wrong
2021-12-30T16:34:25.058Z [日志模块] error: some thing was wrong
2021-12-31 00:39:27 [日志模块] error: some thing was wrong
2021-12-31 00:41:04 [日志模块] error: some thing was wrong
2021-12-31 00:41:10 [日志模块] error: some thing was wrong
undefined
2021-12-31 00:42:27 [日志模块] error: some thing was wrong
2021-12-31 00:42:44 [日志模块] error: some thing was wrong some thing was wrong
2021-12-31 00:43:02 [日志模块] error: some thing was wrong some thing was wrong
2021-12-31 00:43:04 [日志模块] error: some thing was wrong some thing was wrong
2021-12-31 00:43:17 [日志模块] error: some thing was wrong some thing was wrong
2021-12-31 00:43:56 [日志模块] error: some thing was wrong some thing was wrong
2021-12-31 00:47:16 [日志模块] error: some thing was wrong some thing was wrong
            [stack]:function createFormatWrap(opts) {
    return new Format(opts);
  }
2021-12-31 00:47:34 [日志模块] error: some thing was wrong some thing was wrong
            [stack]:undefined
2021-12-31 00:47:49 [日志模块] error: some thing was wrong some thing was wrong
            [stack]:undefined
2021-12-31 00:47:51 [日志模块] error: some thing was wrong some thing was wrong
            [stack]:undefined
2021-12-31 00:48:41 [日志模块] error: some thing was wrong some thing was wrong [stack]:undefined
2021-12-31 00:49:02 [日志模块] error: some thing was wrong some thing was wrong [stack]:opts => new Splatter(opts)
2021-12-31 00:49:23 [日志模块] error: some thing was wrong some thing was wrong [stack]:opts => new Splatter(opts)
2021-12-31 00:49:36 [日志模块] error: some thing was wrong some thing was wrong
2021-12-31 00:49:51 [日志模块] error: some thing was wrong
2021-12-31 00:50:25 [日志模块] error: some thing was wrong
2021-12-31 00:50:29 [日志模块] error: some thing was wrong
2021-12-31 00:50:59 [日志模块] error: some thing was wrong undefined
